<?xml version="1.0" encoding="UTF-8"?>
<testng-results skipped="0" failed="0" ignored="0" total="1" passed="1">
  <reporter-output>
  </reporter-output>
  <suite name="Default suite" duration-ms="2956" started-at="2019-04-23T03:17:56Z" finished-at="2019-04-23T03:17:59Z">
    <groups>
    </groups>
    <test name="Default test" duration-ms="2956" started-at="2019-04-23T03:17:56Z" finished-at="2019-04-23T03:17:59Z">
      <class name="basics3">
        <test-method status="PASS" signature="getData()[pri:0, instance:basics3@335eadca]" name="getData" is-config="true" duration-ms="25" started-at="2019-04-23T03:17:56Z" finished-at="2019-04-23T03:17:56Z">
          <reporter-output>
          </reporter-output>
        </test-method> <!-- getData -->
        <test-method status="PASS" signature="AddandDeletePlace()[pri:0, instance:basics3@335eadca]" name="AddandDeletePlace" duration-ms="2881" started-at="2019-04-23T03:17:56Z" finished-at="2019-04-23T03:17:59Z">
          <reporter-output>
          </reporter-output>
        </test-method> <!-- AddandDeletePlace -->
      </class> <!-- basics3 -->
    </test> <!-- Default test -->
  </suite> <!-- Default suite -->
</testng-results>
